#
# There is insufficient memory for the Java Runtime Environment to continue.
# Native memory allocation (malloc) failed to allocate 1048576 bytes for AllocateHeap
# Possible reasons:
#   The system is out of physical RAM or swap space
#   In 32 bit mode, the process size limit was hit
# Possible solutions:
#   Reduce memory load on the system
#   Increase physical memory or swap space
#   Check if swap backing store is full
#   Use 64 bit Java on a 64 bit OS
#   Decrease Java heap size (-Xmx/-Xms)
#   Decrease number of Java threads
#   Decrease Java thread stack sizes (-Xss)
#   Set larger code cache with -XX:ReservedCodeCacheSize=
# This output file may be truncated or incomplete.
#
#  Out of Memory Error (memory/allocation.inline.hpp:61), pid=9164, tid=0x00000000000025b0
#
# JRE version:  (8.0_76-b03) (build )
# Java VM: OpenJDK 64-Bit Server VM (25.76-b03 mixed mode windows-amd64 compressed oops)
# Failed to write core dump. Minidumps are not enabled by default on client versions of Windows
#

---------------  T H R E A D  ---------------

Current thread (0x00000000025a0800):  JavaThread "Unknown thread" [_thread_in_vm, id=9648, stack(0x00000000024a0000,0x00000000025a0000)]

Stack: [0x00000000024a0000,0x00000000025a0000]
[error occurred during error reporting (printing stack bounds), id 0xc0000005]

Native frames: (J=compiled Java code, j=interpreted, Vv=VM code, C=native code)


---------------  P R O C E S S  ---------------

Java Threads: ( => current thread )

Other Threads:

=>0x00000000025a0800 (exited) JavaThread "Unknown thread" [_thread_in_vm, id=9648, stack(0x00000000024a0000,0x00000000025a0000)]

VM state:not at safepoint (normal execution)

VM Mutex/Monitor currently owned by a thread: None

Heap:
 PSYoungGen      total 75776K, used 1300K [0x00000000eab00000, 0x00000000eff80000, 0x0000000100000000)
  eden space 65024K, 2% used [0x00000000eab00000,0x00000000eac451f8,0x00000000eea80000)
  from space 10752K, 0% used [0x00000000ef500000,0x00000000ef500000,0x00000000eff80000)
  to   space 10752K, 0% used [0x00000000eea80000,0x00000000eea80000,0x00000000ef500000)
 ParOldGen       total 173568K, used 0K [0x00000000c0000000, 0x00000000ca980000, 0x00000000eab00000)
  object space 173568K, 0% used [0x00000000c0000000,0x00000000c0000000,0x00000000ca980000)
 Metaspace       used 771K, capacity 4480K, committed 4480K, reserved 1056768K
  class space    used 73K, capacity 384K, committed 384K, reserved 1048576K

Card table byte_map: [0x0000000011a60000,0x0000000011c70000] byte_map_base: 0x0000000011460000

Marking Bits: (ParMarkBitMap*) 0x000000006ad09d00
 Begin Bits: [0x00000000125d0000, 0x00000000135d0000)
 End Bits:   [0x00000000135d0000, 0x00000000145d0000)

Polling page: 0x00000000023a0000

CodeCache: size=245760Kb used=328Kb max_used=328Kb free=245431Kb
 bounds [0x00000000026a0000, 0x0000000002910000, 0x00000000116a0000]
 total_blobs=57 nmethods=0 adapters=38
 compilation: enabled

Compilation events (0 events):
No events

GC Heap History (0 events):
No events

Deoptimization events (0 events):
No events

Internal exceptions (0 events):
No events

Events (10 events):
Event: 0.044 loading class java/lang/Short
Event: 0.044 loading class java/lang/Short done
Event: 0.044 loading class java/lang/Integer
Event: 0.044 loading class java/lang/Integer done
Event: 0.044 loading class java/lang/Long
Event: 0.044 loading class java/lang/Long done
Event: 0.046 loading class java/lang/NullPointerException
Event: 0.046 loading class java/lang/NullPointerException done
Event: 0.046 loading class java/lang/ArithmeticException
Event: 0.046 loading class java/lang/ArithmeticException done


Dynamic libraries:
0x00007ff6ee500000 - 0x00007ff6ee531000 	C:\Program Files\Android\Android Studio\jre\bin\java.exe
0x00007ffde0110000 - 0x00007ffde02eb000 	C:\WINDOWS\SYSTEM32\ntdll.dll
0x00007ffdde1a0000 - 0x00007ffdde24e000 	C:\WINDOWS\System32\KERNEL32.DLL
0x00007ffddd280000 - 0x00007ffddd4c9000 	C:\WINDOWS\System32\KERNELBASE.dll
0x00007ffdddf40000 - 0x00007ffdddfe1000 	C:\WINDOWS\System32\ADVAPI32.dll
0x00007ffdde250000 - 0x00007ffdde2ed000 	C:\WINDOWS\System32\msvcrt.dll
0x00007ffdddd30000 - 0x00007ffdddd89000 	C:\WINDOWS\System32\sechost.dll
0x00007ffddfc20000 - 0x00007ffddfd45000 	C:\WINDOWS\System32\RPCRT4.dll
0x00007ffdde050000 - 0x00007ffdde19a000 	C:\WINDOWS\System32\USER32.dll
0x00007ffddc9d0000 - 0x00007ffddc9ee000 	C:\WINDOWS\System32\win32u.dll
0x00007ffdde5f0000 - 0x00007ffdde617000 	C:\WINDOWS\System32\GDI32.dll
0x00007ffddd0f0000 - 0x00007ffddd277000 	C:\WINDOWS\System32\gdi32full.dll
0x00007ffddd4d0000 - 0x00007ffddd56a000 	C:\WINDOWS\System32\msvcp_win.dll
0x00007ffddc860000 - 0x00007ffddc956000 	C:\WINDOWS\System32\ucrtbase.dll
0x00007ffdd0630000 - 0x00007ffdd0897000 	C:\WINDOWS\WinSxS\amd64_microsoft.windows.common-controls_6595b64144ccf1df_6.0.15063.483_none_26002d27e7c744a2\COMCTL32.dll
0x00007ffdde2f0000 - 0x00007ffdde5e9000 	C:\WINDOWS\System32\combase.dll
0x00007ffddc960000 - 0x00007ffddc9ca000 	C:\WINDOWS\System32\bcryptPrimitives.dll
0x00007ffddd8c0000 - 0x00007ffddd8ed000 	C:\WINDOWS\System32\IMM32.DLL
0x000000006be40000 - 0x000000006bf12000 	C:\Program Files\Android\Android Studio\jre\jre\bin\msvcr100.dll
0x000000006a550000 - 0x000000006ad84000 	C:\Program Files\Android\Android Studio\jre\jre\bin\server\jvm.dll
0x00007ffddfa60000 - 0x00007ffddfa68000 	C:\WINDOWS\System32\PSAPI.DLL
0x00007ffdcad50000 - 0x00007ffdcad59000 	C:\WINDOWS\SYSTEM32\WSOCK32.dll
0x00007ffddfff0000 - 0x00007ffde005c000 	C:\WINDOWS\System32\WS2_32.dll
0x00007ffdd5fe0000 - 0x00007ffdd6003000 	C:\WINDOWS\SYSTEM32\WINMM.dll
0x00007ffdd25c0000 - 0x00007ffdd25ca000 	C:\WINDOWS\SYSTEM32\VERSION.dll
0x00007ffdd5e60000 - 0x00007ffdd5e8b000 	C:\WINDOWS\SYSTEM32\WINMMBASE.dll
0x00007ffddd620000 - 0x00007ffddd669000 	C:\WINDOWS\System32\cfgmgr32.dll
0x00007ffdd89a0000 - 0x00007ffdd89af000 	C:\Program Files\Android\Android Studio\jre\jre\bin\verify.dll
0x00007ffdd3250000 - 0x00007ffdd3279000 	C:\Program Files\Android\Android Studio\jre\jre\bin\java.dll
0x00007ffdd38d0000 - 0x00007ffdd38e6000 	C:\Program Files\Android\Android Studio\jre\jre\bin\zip.dll

VM Arguments:
jvm_args: -Djava.awt.headless=true -Xmx1024M -Dfile.encoding=windows-1252 -Duser.country=IN -Duser.language=en -Duser.variant 
java_command: com.android.dx.command.Main --dex --force-jumbo --num-threads=4 --multi-dex --output D:\Desktop\AndroidFirbaseChat-master\app\build\intermediates\transforms\dex\debug\folders\1000\10\com.google.firebase-firebase-auth-9.6.1_e80b1c47dce9169586cfa158ee8ec4dfa4bbbd81 D:\Desktop\AndroidFirbaseChat-master\app\build\intermediates\exploded-aar\com.google.firebase\firebase-auth\9.6.1\jars\classes.jar
java_class_path (initial): C:\Users\Kanav Bhagat\AppData\Local\Android\Sdk\build-tools\25.0.2\lib\dx.jar
Launcher Type: SUN_STANDARD

Environment Variables:
PATH=C:\ProgramData\Oracle\Java\javapath;C:\Windows\system32;C:\Windows;C:\Windows\System32\Wbem;C:\Windows\System32\WindowsPowerShell\v1.0\;C:\Program Files (x86)\NVIDIA Corporation\PhysX\Common;C:\Program Files\Intel\WiFi\bin\;C:\Program Files\Common Files\Intel\WirelessCommon\;%SystemRoot%\system32;%SystemRoot%;%SystemRoot%\System32\Wbem;%SYSTEMROOT%\System32\WindowsPowerShell\v1.0\;C:\Program Files\MATLAB\R2016a\bin;C:\Users\Kanav Bhagat\AppData\Local\Programs\Python\Python36-32;C:\Users\Kanav Bhagat\AppData\Local\Programs\Python\Python36-32\Scripts;C:\Android;C:\Program Files\Java\jdk1.8.0_121\bin;%USERPROFILE%\AppData\Local\Microsoft\WindowsApps;
USERNAME=Kanav Bhagat
OS=Windows_NT
PROCESSOR_IDENTIFIER=Intel64 Family 6 Model 94 Stepping 3, GenuineIntel



---------------  S Y S T E M  ---------------

OS: Windows 10.0 , 64 bit Build 15063 (10.0.15063.296)

CPU:total 8 (4 cores per cpu, 2 threads per core) family 6 model 94 stepping 3, cmov, cx8, fxsr, mmx, sse, sse2, sse3, ssse3, sse4.1, sse4.2, popcnt, avx, avx2, aes, clmul, erms, rtm, 3dnowpref, lzcnt, ht, tsc, tscinvbit, bmi1, bmi2, adx

Memory: 4k page, physical 16600864k(615840k free), swap 27861532k(5268k free)

vm_info: OpenJDK 64-Bit Server VM (25.76-b03) for windows-amd64 JRE (1.8.0_76-release-b03), built on Jun 29 2016 19:09:20 by "ralucas" with MS VC++ 10.0 (VS2010)

time: Sat Oct 28 05:31:28 2017
elapsed time: 0 seconds (0d 0h 0m 0s)

